<?xml version="1.0" encoding="UTF-8"?>
<testng-results ignored="0" total="2" passed="2" failed="0" skipped="0">
  <reporter-output>
  </reporter-output>
  <suite started-at="2023-02-19T21:58:38 IST" name="Suite" finished-at="2023-02-19T21:58:54 IST" duration-ms="15954">
    <groups>
    </groups>
    <test started-at="2023-02-19T21:58:38 IST" name="Test" finished-at="2023-02-19T21:58:54 IST" duration-ms="15954">
      <class name="testClasses_TestNgClass.testNg_Class">
        <test-method is-config="true" signature="launchBrowser()[pri:0, instance:testClasses_TestNgClass.testNg_Class@2e005c4b]" started-at="2023-02-19T21:58:38 IST" name="launchBrowser" finished-at="2023-02-19T21:58:46 IST" duration-ms="7844" status="PASS">
          <reporter-output>
          </reporter-output>
        </test-method> <!-- launchBrowser -->
        <test-method is-config="true" signature="beforeMethod()[pri:0, instance:testClasses_TestNgClass.testNg_Class@2e005c4b]" started-at="2023-02-19T21:58:46 IST" name="beforeMethod" finished-at="2023-02-19T21:58:46 IST" duration-ms="1" status="PASS">
          <reporter-output>
          </reporter-output>
        </test-method> <!-- beforeMethod -->
        <test-method signature="test1()[pri:0, instance:testClasses_TestNgClass.testNg_Class@2e005c4b]" started-at="2023-02-19T21:58:46 IST" name="test1" finished-at="2023-02-19T21:58:53 IST" duration-ms="7331" status="PASS">
          <reporter-output>
          </reporter-output>
        </test-method> <!-- test1 -->
        <test-method is-config="true" signature="afterMethod()[pri:0, instance:testClasses_TestNgClass.testNg_Class@2e005c4b]" started-at="2023-02-19T21:58:53 IST" name="afterMethod" finished-at="2023-02-19T21:58:53 IST" duration-ms="1" status="PASS">
          <reporter-output>
          </reporter-output>
        </test-method> <!-- afterMethod -->
        <test-method signature="test2()[pri:0, instance:testClasses_TestNgClass.testNg_Class@2e005c4b]" started-at="2023-02-19T21:58:53 IST" name="test2" finished-at="2023-02-19T21:58:54 IST" duration-ms="747" status="PASS">
          <reporter-output>
          </reporter-output>
        </test-method> <!-- test2 -->
        <test-method is-config="true" signature="beforeMethod()[pri:0, instance:testClasses_TestNgClass.testNg_Class@2e005c4b]" started-at="2023-02-19T21:58:53 IST" name="beforeMethod" finished-at="2023-02-19T21:58:53 IST" duration-ms="0" status="PASS">
          <reporter-output>
          </reporter-output>
        </test-method> <!-- beforeMethod -->
        <test-method is-config="true" signature="afterMethod()[pri:0, instance:testClasses_TestNgClass.testNg_Class@2e005c4b]" started-at="2023-02-19T21:58:54 IST" name="afterMethod" finished-at="2023-02-19T21:58:54 IST" duration-ms="1" status="PASS">
          <reporter-output>
          </reporter-output>
        </test-method> <!-- afterMethod -->
        <test-method is-config="true" signature="afterClass()[pri:0, instance:testClasses_TestNgClass.testNg_Class@2e005c4b]" started-at="2023-02-19T21:58:54 IST" name="afterClass" finished-at="2023-02-19T21:58:54 IST" duration-ms="0" status="PASS">
          <reporter-output>
          </reporter-output>
        </test-method> <!-- afterClass -->
      </class> <!-- testClasses_TestNgClass.testNg_Class -->
    </test> <!-- Test -->
  </suite> <!-- Suite -->
</testng-results>
